<?xml version="1.0" encoding="UTF-8"?>
<!-- Generated by org.testng.reporters.JUnitReportReporter -->
<testsuite hostname="LAPTOP-6KLAAC9R" failures="0" tests="1" name="test.SignupTest" time="4.006" errors="0" timestamp="2024-07-18T10:50:15 IST" skipped="0">
  <testcase classname="test.SignupTest" name="signupTest" time="4.006"/>
  <system-out/>
</testsuite> <!-- test.SignupTest -->
